ninja: Entering directory `/workspaces/MyTapGameServer/app/.cxx/Debug/266ro2u1/arm64-v8a'
[1/9] Building CXX object CMakeFiles/wifi_pairing.dir/adb_pairing.cpp.o
FAILED: CMakeFiles/wifi_pairing.dir/adb_pairing.cpp.o 
/home/codespace/android-sdk/ndk/27.0.12077973/toolchains/llvm/prebuilt/linux-x86_64/bin/clang++ --target=aarch64-none-linux-android26 --sysroot=/home/codespace/android-sdk/ndk/27.0.12077973/toolchains/llvm/prebuilt/linux-x86_64/sysroot -Dwifi_pairing_EXPORTS  -g -DANDROID -fdata-sections -ffunction-sections -funwind-tables -fstack-protector-strong -no-canonical-prefixes -D_FORTIFY_SOURCE=2 -Wformat -Werror=format-security   -fno-limit-debug-info  -std=gnu++17 -fPIC -Werror=format -fdata-sections -ffunction-sections -fno-exceptions -fno-rtti -fno-threadsafe-statics -MD -MT CMakeFiles/wifi_pairing.dir/adb_pairing.cpp.o -MF CMakeFiles/wifi_pairing.dir/adb_pairing.cpp.o.d -o CMakeFiles/wifi_pairing.dir/adb_pairing.cpp.o -c /workspaces/MyTapGameServer/app/src/main/cpp/adb_pairing.cpp
/workspaces/MyTapGameServer/app/src/main/cpp/adb_pairing.cpp:7:10: fatal error: 'openssl/curve25519.h' file not found
    7 | #include <openssl/curve25519.h>
      |          ^~~~~~~~~~~~~~~~~~~~~~
1 error generated.
[2/9] Building CXX object CMakeFiles/tap_starter.dir/selinux.cpp.o
[3/9] Building CXX object CMakeFiles/tap_starter.dir/android.cpp.o
[4/9] Building CXX object CMakeFiles/tap_starter.dir/cgroup.cpp.o
[5/9] Building CXX object CMakeFiles/tap_starter.dir/misc.cpp.o
[6/9] Building CXX object CMakeFiles/tap_starter.dir/starter.cpp.o
ninja: build stopped: subcommand failed.
